# JRE version: Java(TM) SE Runtime Environment (18.0.1.1+2) (build 18.0.1.1+2-6)
# Java VM: Java HotSpot(TM) 64-Bit Server VM (18.0.1.1+2-6, mixed mode, sharing, tiered, compressed oops, compressed class ptrs, g1 gc, windows-amd64)
GC Precious Log:
 CardTable entry size: 512
 Card Set container configuration: InlinePtr #cards 5 size 8 Array Of Cards #cards 12 size 40 Howl #buckets 4 coarsen threshold 1843 Howl Bitmap #cards 512 size 80 coarsen threshold 460 Card regions per heap region 1 cards per card region 2048
 CPUs: 4 total, 4 available
 Memory: 8091M
 Large Page Support: Disabled
 NUMA Support: Disabled
 Compressed Oops: Enabled (32-bit)
 Heap Region Size: 1M
 Heap Min Capacity: 8M
 Heap Initial Capacity: 128M
 Heap Max Capacity: 2024M
 Pre-touch: Disabled
 Parallel Workers: 4
 Concurrent Workers: 1
 Concurrent Refinement Workers: 4
 Periodic GC: Disabled
Heap:
 garbage-first heap   total 51200K, used 24936K [0x0000000081800000, 0x0000000100000000)
  region size 1024K, 4 young (4096K), 2 survivors (2048K)
 Metaspace       used 49672K, committed 50112K, reserved 1114112K
  class space    used 6566K, committed 6784K, reserved 1048576K
GC Heap History (20 events):
Event: 1.218 GC heap before
{Heap before GC invocations=1 (full 0):
 garbage-first heap   total 131072K, used 15617K [0x0000000081800000, 0x0000000100000000)
  region size 1024K, 11 young (11264K), 2 survivors (2048K)
 Metaspace       used 6182K, committed 6336K, reserved 1114112K
  class space    used 690K, committed 768K, reserved 1048576K
}
Event: 1.223 GC heap after
{Heap after GC invocations=2 (full 0):
 garbage-first heap   total 131072K, used 7919K [0x0000000081800000, 0x0000000100000000)
  region size 1024K, 2 young (2048K), 2 survivors (2048K)
 Metaspace       used 6182K, committed 6336K, reserved 1114112K
  class space    used 690K, committed 768K, reserved 1048576K
}
Event: 2.010 GC heap before
{Heap before GC invocations=2 (full 0):
 garbage-first heap   total 131072K, used 29423K [0x0000000081800000, 0x0000000100000000)
  region size 1024K, 24 young (24576K), 2 survivors (2048K)
 Metaspace       used 12455K, committed 12736K, reserved 1114112K
  class space    used 1461K, committed 1600K, reserved 1048576K
}
Event: 2.016 GC heap after
{Heap after GC invocations=3 (full 0):
 garbage-first heap   total 131072K, used 9155K [0x0000000081800000, 0x0000000100000000)
  region size 1024K, 3 young (3072K), 3 survivors (3072K)
 Metaspace       used 12455K, committed 12736K, reserved 1114112K
  class space    used 1461K, committed 1600K, reserved 1048576K
}
Event: 4.100 GC heap before
{Heap before GC invocations=3 (full 0):
 garbage-first heap   total 131072K, used 59331K [0x0000000081800000, 0x0000000100000000)
  region size 1024K, 54 young (55296K), 3 survivors (3072K)
 Metaspace       used 21251K, committed 21504K, reserved 1114112K
  class space    used 2566K, committed 2688K, reserved 1048576K
}
Event: 4.112 GC heap after
{Heap after GC invocations=4 (full 0):
 garbage-first heap   total 131072K, used 12952K [0x0000000081800000, 0x0000000100000000)
  region size 1024K, 7 young (7168K), 7 survivors (7168K)
 Metaspace       used 21251K, committed 21504K, reserved 1114112K
  class space    used 2566K, committed 2688K, reserved 1048576K
}
Event: 5.283 GC heap before
{Heap before GC invocations=5 (full 0):
 garbage-first heap   total 51200K, used 36504K [0x0000000081800000, 0x0000000100000000)
  region size 1024K, 30 young (30720K), 7 survivors (7168K)
 Metaspace       used 26195K, committed 26496K, reserved 1114112K
  class space    used 3206K, committed 3328K, reserved 1048576K
}
Event: 5.299 GC heap after
{Heap after GC invocations=6 (full 0):
 garbage-first heap   total 51200K, used 15614K [0x0000000081800000, 0x0000000100000000)
  region size 1024K, 3 young (3072K), 3 survivors (3072K)
 Metaspace       used 26195K, committed 26496K, reserved 1114112K
  class space    used 3206K, committed 3328K, reserved 1048576K
}
Event: 6.240 GC heap before
{Heap before GC invocations=6 (full 0):
 garbage-first heap   total 51200K, used 35070K [0x0000000081800000, 0x0000000100000000)
  region size 1024K, 22 young (22528K), 3 survivors (3072K)
 Metaspace       used 30723K, committed 31104K, reserved 1114112K
  class space    used 3882K, committed 4032K, reserved 1048576K
}
Event: 6.246 GC heap after
{Heap after GC invocations=7 (full 0):
 garbage-first heap   total 51200K, used 16707K [0x0000000081800000, 0x0000000100000000)
  region size 1024K, 2 young (2048K), 2 survivors (2048K)
 Metaspace       used 30723K, committed 31104K, reserved 1114112K
  class space    used 3882K, committed 4032K, reserved 1048576K
}
Event: 7.075 GC heap before
{Heap before GC invocations=7 (full 0):
 garbage-first heap   total 51200K, used 31043K [0x0000000081800000, 0x0000000100000000)
  region size 1024K, 17 young (17408K), 2 survivors (2048K)
 Metaspace       used 35770K, committed 36096K, reserved 1114112K
  class space    used 4604K, committed 4800K, reserved 1048576K
}
Event: 7.079 GC heap after
{Heap after GC invocations=8 (full 0):
 garbage-first heap   total 51200K, used 17731K [0x0000000081800000, 0x0000000100000000)
  region size 1024K, 3 young (3072K), 3 survivors (3072K)
 Metaspace       used 35770K, committed 36096K, reserved 1114112K
  class space    used 4604K, committed 4800K, reserved 1048576K
}
Event: 8.279 GC heap before
{Heap before GC invocations=9 (full 0):
 garbage-first heap   total 51200K, used 36163K [0x0000000081800000, 0x0000000100000000)
  region size 1024K, 22 young (22528K), 3 survivors (3072K)
 Metaspace       used 41140K, committed 41536K, reserved 1114112K
  class space    used 5405K, committed 5568K, reserved 1048576K
}
Event: 8.287 GC heap after
{Heap after GC invocations=10 (full 0):
 garbage-first heap   total 51200K, used 19001K [0x0000000081800000, 0x0000000100000000)
  region size 1024K, 3 young (3072K), 3 survivors (3072K)
 Metaspace       used 41140K, committed 41536K, reserved 1114112K
  class space    used 5405K, committed 5568K, reserved 1048576K
}
Event: 10.044 GC heap before
{Heap before GC invocations=10 (full 0):
 garbage-first heap   total 51200K, used 38457K [0x0000000081800000, 0x0000000100000000)
  region size 1024K, 22 young (22528K), 3 survivors (3072K)
 Metaspace       used 44561K, committed 44928K, reserved 1114112K
  class space    used 5866K, committed 6016K, reserved 1048576K
}
Event: 10.052 GC heap after
{Heap after GC invocations=11 (full 0):
 garbage-first heap   total 51200K, used 20350K [0x0000000081800000, 0x0000000100000000)
  region size 1024K, 3 young (3072K), 3 survivors (3072K)
 Metaspace       used 44561K, committed 44928K, reserved 1114112K
  class space    used 5866K, committed 6016K, reserved 1048576K
}
Event: 10.994 GC heap before
{Heap before GC invocations=11 (full 0):
 garbage-first heap   total 51200K, used 38782K [0x0000000081800000, 0x0000000100000000)
  region size 1024K, 21 young (21504K), 3 survivors (3072K)
 Metaspace       used 47251K, committed 47616K, reserved 1114112K
  class space    used 6242K, committed 6400K, reserved 1048576K
}
Event: 11.001 GC heap after
{Heap after GC invocations=12 (full 0):
 garbage-first heap   total 51200K, used 21965K [0x0000000081800000, 0x0000000100000000)
  region size 1024K, 3 young (3072K), 3 survivors (3072K)
 Metaspace       used 47251K, committed 47616K, reserved 1114112K
  class space    used 6242K, committed 6400K, reserved 1048576K
}
Event: 11.596 GC heap before
{Heap before GC invocations=12 (full 0):
 garbage-first heap   total 51200K, used 39373K [0x0000000081800000, 0x0000000100000000)
  region size 1024K, 20 young (20480K), 3 survivors (3072K)
 Metaspace       used 49403K, committed 49792K, reserved 1114112K
  class space    used 6532K, committed 6720K, reserved 1048576K
}
Event: 11.603 GC heap after
{Heap after GC invocations=13 (full 0):
 garbage-first heap   total 51200K, used 23912K [0x0000000081800000, 0x0000000100000000)
  region size 1024K, 2 young (2048K), 2 survivors (2048K)
 Metaspace       used 49403K, committed 49792K, reserved 1114112K
  class space    used 6532K, committed 6720K, reserved 1048576K
}

